<?xml version="1.0" encoding="UTF-8"?>
<testsuite xmlns:xsi="http://www.w3.org/2001/XMLSchema-instance" xsi:noNamespaceSchemaLocation="https://maven.apache.org/surefire/maven-surefire-plugin/xsd/surefire-test-report.xsd" name="com.swiggy.runnerfiles.TestRunner" time="45.733" tests="6" errors="0" skipped="0" failures="0">
  <properties>
    <property name="awt.toolkit" value="sun.awt.X11.XToolkit"/>
    <property name="file.encoding.pkg" value="sun.io"/>
    <property name="java.specification.version" value="1.8"/>
    <property name="sun.cpu.isalist" value=""/>
    <property name="sun.jnu.encoding" value="UTF-8"/>
    <property name="java.class.path" value="/home/appusharishgmai/eclipse-workspace/Swiggy/target/test-classes:/home/appusharishgmai/eclipse-workspace/Swiggy/target/classes:/home/appusharishgmai/.m2/repository/com/github/ralfstuckert/pdfbox-layout/pdfbox2-layout/0.8.6/pdfbox2-layout-0.8.6.jar:/home/appusharishgmai/.m2/repository/org/apache/pdfbox/pdfbox/2.0.4/pdfbox-2.0.4.jar:/home/appusharishgmai/.m2/repository/org/apache/pdfbox/fontbox/2.0.4/fontbox-2.0.4.jar:/home/appusharishgmai/.m2/repository/commons-logging/commons-logging/1.2/commons-logging-1.2.jar:/home/appusharishgmai/.m2/repository/junit/junit/4.11/junit-4.11.jar:/home/appusharishgmai/.m2/repository/org/hamcrest/hamcrest-core/1.3/hamcrest-core-1.3.jar:/home/appusharishgmai/.m2/repository/org/apache/poi/poi/5.0.0/poi-5.0.0.jar:/home/appusharishgmai/.m2/repository/org/slf4j/slf4j-api/1.7.30/slf4j-api-1.7.30.jar:/home/appusharishgmai/.m2/repository/org/slf4j/jcl-over-slf4j/1.7.30/jcl-over-slf4j-1.7.30.jar:/home/appusharishgmai/.m2/repository/commons-codec/commons-codec/1.15/commons-codec-1.15.jar:/home/appusharishgmai/.m2/repository/org/apache/commons/commons-collections4/4.4/commons-collections4-4.4.jar:/home/appusharishgmai/.m2/repository/org/apache/commons/commons-math3/3.6.1/commons-math3-3.6.1.jar:/home/appusharishgmai/.m2/repository/com/zaxxer/SparseBitSet/1.2/SparseBitSet-1.2.jar:/home/appusharishgmai/.m2/repository/org/apache/poi/poi-ooxml/5.0.0/poi-ooxml-5.0.0.jar:/home/appusharishgmai/.m2/repository/org/apache/poi/poi-ooxml-lite/5.0.0/poi-ooxml-lite-5.0.0.jar:/home/appusharishgmai/.m2/repository/org/apache/xmlbeans/xmlbeans/4.0.0/xmlbeans-4.0.0.jar:/home/appusharishgmai/.m2/repository/xml-apis/xml-apis/1.4.01/xml-apis-1.4.01.jar:/home/appusharishgmai/.m2/repository/org/apache/commons/commons-compress/1.20/commons-compress-1.20.jar:/home/appusharishgmai/.m2/repository/com/github/virtuald/curvesapi/1.06/curvesapi-1.06.jar:/home/appusharishgmai/.m2/repository/org/bouncycastle/bcpkix-jdk15on/1.68/bcpkix-jdk15on-1.68.jar:/home/appusharishgmai/.m2/repository/org/bouncycastle/bcprov-jdk15on/1.68/bcprov-jdk15on-1.68.jar:/home/appusharishgmai/.m2/repository/org/apache/santuario/xmlsec/2.2.1/xmlsec-2.2.1.jar:/home/appusharishgmai/.m2/repository/com/fasterxml/woodstox/woodstox-core/5.2.1/woodstox-core-5.2.1.jar:/home/appusharishgmai/.m2/repository/org/codehaus/woodstox/stax2-api/4.2/stax2-api-4.2.jar:/home/appusharishgmai/.m2/repository/org/apache/xmlgraphics/batik-all/1.13/batik-all-1.13.jar:/home/appusharishgmai/.m2/repository/org/apache/xmlgraphics/batik-anim/1.13/batik-anim-1.13.jar:/home/appusharishgmai/.m2/repository/org/apache/xmlgraphics/batik-shared-resources/1.13/batik-shared-resources-1.13.jar:/home/appusharishgmai/.m2/repository/xml-apis/xml-apis-ext/1.3.04/xml-apis-ext-1.3.04.jar:/home/appusharishgmai/.m2/repository/org/apache/xmlgraphics/batik-awt-util/1.13/batik-awt-util-1.13.jar:/home/appusharishgmai/.m2/repository/org/apache/xmlgraphics/xmlgraphics-commons/2.4/xmlgraphics-commons-2.4.jar:/home/appusharishgmai/.m2/repository/org/apache/xmlgraphics/batik-bridge/1.13/batik-bridge-1.13.jar:/home/appusharishgmai/.m2/repository/org/apache/xmlgraphics/batik-codec/1.13/batik-codec-1.13.jar:/home/appusharishgmai/.m2/repository/org/apache/xmlgraphics/batik-constants/1.13/batik-constants-1.13.jar:/home/appusharishgmai/.m2/repository/org/apache/xmlgraphics/batik-css/1.13/batik-css-1.13.jar:/home/appusharishgmai/.m2/repository/org/apache/xmlgraphics/batik-dom/1.13/batik-dom-1.13.jar:/home/appusharishgmai/.m2/repository/xalan/xalan/2.7.2/xalan-2.7.2.jar:/home/appusharishgmai/.m2/repository/xalan/serializer/2.7.2/serializer-2.7.2.jar:/home/appusharishgmai/.m2/repository/org/apache/xmlgraphics/batik-ext/1.13/batik-ext-1.13.jar:/home/appusharishgmai/.m2/repository/org/apache/xmlgraphics/batik-extension/1.13/batik-extension-1.13.jar:/home/appusharishgmai/.m2/repository/org/apache/xmlgraphics/batik-gui-util/1.13/batik-gui-util-1.13.jar:/home/appusharishgmai/.m2/repository/org/apache/xmlgraphics/batik-gvt/1.13/batik-gvt-1.13.jar:/home/appusharishgmai/.m2/repository/org/apache/xmlgraphics/batik-i18n/1.13/batik-i18n-1.13.jar:/home/appusharishgmai/.m2/repository/org/apache/xmlgraphics/batik-parser/1.13/batik-parser-1.13.jar:/home/appusharishgmai/.m2/repository/org/apache/xmlgraphics/batik-rasterizer-ext/1.13/batik-rasterizer-ext-1.13.jar:/home/appusharishgmai/.m2/repository/org/apache/xmlgraphics/batik-rasterizer/1.13/batik-rasterizer-1.13.jar:/home/appusharishgmai/.m2/repository/org/apache/xmlgraphics/batik-script/1.13/batik-script-1.13.jar:/home/appusharishgmai/.m2/repository/org/apache/xmlgraphics/batik-slideshow/1.13/batik-slideshow-1.13.jar:/home/appusharishgmai/.m2/repository/org/apache/xmlgraphics/batik-squiggle-ext/1.13/batik-squiggle-ext-1.13.jar:/home/appusharishgmai/.m2/repository/org/apache/xmlgraphics/batik-squiggle/1.13/batik-squiggle-1.13.jar:/home/appusharishgmai/.m2/repository/org/apache/xmlgraphics/batik-svg-dom/1.13/batik-svg-dom-1.13.jar:/home/appusharishgmai/.m2/repository/org/apache/xmlgraphics/batik-svgbrowser/1.13/batik-svgbrowser-1.13.jar:/home/appusharishgmai/.m2/repository/org/apache/xmlgraphics/batik-svggen/1.13/batik-svggen-1.13.jar:/home/appusharishgmai/.m2/repository/org/apache/xmlgraphics/batik-svgpp/1.13/batik-svgpp-1.13.jar:/home/appusharishgmai/.m2/repository/org/apache/xmlgraphics/batik-svgrasterizer/1.13/batik-svgrasterizer-1.13.jar:/home/appusharishgmai/.m2/repository/org/apache/xmlgraphics/batik-swing/1.13/batik-swing-1.13.jar:/home/appusharishgmai/.m2/repository/org/apache/xmlgraphics/batik-transcoder/1.13/batik-transcoder-1.13.jar:/home/appusharishgmai/.m2/repository/org/apache/xmlgraphics/batik-util/1.13/batik-util-1.13.jar:/home/appusharishgmai/.m2/repository/org/apache/xmlgraphics/batik-ttf2svg/1.13/batik-ttf2svg-1.13.jar:/home/appusharishgmai/.m2/repository/org/apache/xmlgraphics/batik-xml/1.13/batik-xml-1.13.jar:/home/appusharishgmai/.m2/repository/de/rototor/pdfbox/graphics2d/0.30/graphics2d-0.30.jar:/home/appusharishgmai/.m2/repository/io/github/bonigarcia/webdrivermanager/4.2.2/webdrivermanager-4.2.2.jar:/home/appusharishgmai/.m2/repository/commons-io/commons-io/2.8.0/commons-io-2.8.0.jar:/home/appusharishgmai/.m2/repository/com/google/code/gson/gson/2.8.6/gson-2.8.6.jar:/home/appusharishgmai/.m2/repository/org/apache/commons/commons-lang3/3.11/commons-lang3-3.11.jar:/home/appusharishgmai/.m2/repository/org/apache/httpcomponents/client5/httpclient5/5.0.1/httpclient5-5.0.1.jar:/home/appusharishgmai/.m2/repository/org/apache/httpcomponents/core5/httpcore5/5.0.1/httpcore5-5.0.1.jar:/home/appusharishgmai/.m2/repository/org/apache/httpcomponents/core5/httpcore5-h2/5.0.1/httpcore5-h2-5.0.1.jar:/home/appusharishgmai/.m2/repository/org/rauschig/jarchivelib/1.1.0/jarchivelib-1.1.0.jar:/home/appusharishgmai/.m2/repository/org/jsoup/jsoup/1.13.1/jsoup-1.13.1.jar:/home/appusharishgmai/.m2/repository/org/seleniumhq/selenium/selenium-java/3.141.59/selenium-java-3.141.59.jar:/home/appusharishgmai/.m2/repository/org/seleniumhq/selenium/selenium-api/3.141.59/selenium-api-3.141.59.jar:/home/appusharishgmai/.m2/repository/org/seleniumhq/selenium/selenium-chrome-driver/3.141.59/selenium-chrome-driver-3.141.59.jar:/home/appusharishgmai/.m2/repository/org/seleniumhq/selenium/selenium-edge-driver/3.141.59/selenium-edge-driver-3.141.59.jar:/home/appusharishgmai/.m2/repository/org/seleniumhq/selenium/selenium-firefox-driver/3.141.59/selenium-firefox-driver-3.141.59.jar:/home/appusharishgmai/.m2/repository/org/seleniumhq/selenium/selenium-ie-driver/3.141.59/selenium-ie-driver-3.141.59.jar:/home/appusharishgmai/.m2/repository/org/seleniumhq/selenium/selenium-opera-driver/3.141.59/selenium-opera-driver-3.141.59.jar:/home/appusharishgmai/.m2/repository/org/seleniumhq/selenium/selenium-remote-driver/3.141.59/selenium-remote-driver-3.141.59.jar:/home/appusharishgmai/.m2/repository/org/seleniumhq/selenium/selenium-safari-driver/3.141.59/selenium-safari-driver-3.141.59.jar:/home/appusharishgmai/.m2/repository/org/seleniumhq/selenium/selenium-support/3.141.59/selenium-support-3.141.59.jar:/home/appusharishgmai/.m2/repository/net/bytebuddy/byte-buddy/1.8.15/byte-buddy-1.8.15.jar:/home/appusharishgmai/.m2/repository/org/apache/commons/commons-exec/1.3/commons-exec-1.3.jar:/home/appusharishgmai/.m2/repository/com/google/guava/guava/25.0-jre/guava-25.0-jre.jar:/home/appusharishgmai/.m2/repository/com/google/code/findbugs/jsr305/1.3.9/jsr305-1.3.9.jar:/home/appusharishgmai/.m2/repository/org/checkerframework/checker-compat-qual/2.0.0/checker-compat-qual-2.0.0.jar:/home/appusharishgmai/.m2/repository/com/google/errorprone/error_prone_annotations/2.1.3/error_prone_annotations-2.1.3.jar:/home/appusharishgmai/.m2/repository/com/google/j2objc/j2objc-annotations/1.1/j2objc-annotations-1.1.jar:/home/appusharishgmai/.m2/repository/org/codehaus/mojo/animal-sniffer-annotations/1.14/animal-sniffer-annotations-1.14.jar:/home/appusharishgmai/.m2/repository/com/squareup/okhttp3/okhttp/3.11.0/okhttp-3.11.0.jar:/home/appusharishgmai/.m2/repository/com/squareup/okio/okio/1.14.0/okio-1.14.0.jar:/home/appusharishgmai/.m2/repository/org/testng/testng/7.4.0/testng-7.4.0.jar:/home/appusharishgmai/.m2/repository/com/beust/jcommander/1.78/jcommander-1.78.jar:/home/appusharishgmai/.m2/repository/org/webjars/jquery/3.5.1/jquery-3.5.1.jar:/home/appusharishgmai/.m2/repository/com/aventstack/extentreports/5.0.8/extentreports-5.0.8.jar:/home/appusharishgmai/.m2/repository/io/reactivex/rxjava3/rxjava/3.0.4/rxjava-3.0.4.jar:/home/appusharishgmai/.m2/repository/org/reactivestreams/reactive-streams/1.0.3/reactive-streams-1.0.3.jar:/home/appusharishgmai/.m2/repository/org/freemarker/freemarker/2.3.30/freemarker-2.3.30.jar:/home/appusharishgmai/.m2/repository/org/projectlombok/lombok/1.18.12/lombok-1.18.12.jar:/home/appusharishgmai/.m2/repository/io/cucumber/cucumber-java/6.11.0/cucumber-java-6.11.0.jar:/home/appusharishgmai/.m2/repository/io/cucumber/cucumber-core/6.11.0/cucumber-core-6.11.0.jar:/home/appusharishgmai/.m2/repository/io/cucumber/cucumber-gherkin/6.11.0/cucumber-gherkin-6.11.0.jar:/home/appusharishgmai/.m2/repository/io/cucumber/cucumber-gherkin-messages/6.11.0/cucumber-gherkin-messages-6.11.0.jar:/home/appusharishgmai/.m2/repository/io/cucumber/messages/15.0.0/messages-15.0.0.jar:/home/appusharishgmai/.m2/repository/io/cucumber/tag-expressions/3.0.1/tag-expressions-3.0.1.jar:/home/appusharishgmai/.m2/repository/io/cucumber/cucumber-expressions/10.3.0/cucumber-expressions-10.3.0.jar:/home/appusharishgmai/.m2/repository/io/cucumber/datatable/3.5.0/datatable-3.5.0.jar:/home/appusharishgmai/.m2/repository/io/cucumber/cucumber-plugin/6.11.0/cucumber-plugin-6.11.0.jar:/home/appusharishgmai/.m2/repository/io/cucumber/docstring/6.11.0/docstring-6.11.0.jar:/home/appusharishgmai/.m2/repository/io/cucumber/html-formatter/13.0.0/html-formatter-13.0.0.jar:/home/appusharishgmai/.m2/repository/io/cucumber/create-meta/4.0.0/create-meta-4.0.0.jar:/home/appusharishgmai/.m2/repository/org/apiguardian/apiguardian-api/1.1.2/apiguardian-api-1.1.2.jar:/home/appusharishgmai/.m2/repository/io/cucumber/cucumber-testng/6.11.0/cucumber-testng-6.11.0.jar:/home/appusharishgmai/.m2/repository/org/apache/logging/log4j/log4j-api/2.14.1/log4j-api-2.14.1.jar:/home/appusharishgmai/.m2/repository/org/apache/logging/log4j/log4j-core/2.14.1/log4j-core-2.14.1.jar:/home/appusharishgmai/.m2/repository/com/relevantcodes/extentreports/2.41.2/extentreports-2.41.2.jar:/home/appusharishgmai/.m2/repository/org/xerial/sqlite-jdbc/3.8.11.1/sqlite-jdbc-3.8.11.1.jar:/home/appusharishgmai/.m2/repository/org/mongodb/mongodb-driver/3.0.4/mongodb-driver-3.0.4.jar:/home/appusharishgmai/.m2/repository/org/mongodb/bson/3.0.4/bson-3.0.4.jar:/home/appusharishgmai/.m2/repository/org/mongodb/mongodb-driver-core/3.0.4/mongodb-driver-core-3.0.4.jar:/home/appusharishgmai/.m2/repository/tech/grasshopper/extentreports-cucumber6-adapter/2.6.0/extentreports-cucumber6-adapter-2.6.0.jar:/home/appusharishgmai/.m2/repository/tech/grasshopper/extent-pdf-report/1.5.0/extent-pdf-report-1.5.0.jar:/home/appusharishgmai/.m2/repository/tech/grasshopper/cucumber-pdf-report/1.7.0/cucumber-pdf-report-1.7.0.jar:/home/appusharishgmai/.m2/repository/org/knowm/xchart/xchart/3.6.5/xchart-3.6.5.jar:/home/appusharishgmai/.m2/repository/de/erichseifert/vectorgraphics2d/VectorGraphics2D/0.13/VectorGraphics2D-0.13.jar:/home/appusharishgmai/.m2/repository/com/madgag/animated-gif-lib/1.4/animated-gif-lib-1.4.jar:/home/appusharishgmai/.m2/repository/com/github/vandeseer/easytable/0.7.1/easytable-0.7.1.jar:/home/appusharishgmai/.m2/repository/org/yaml/snakeyaml/1.27/snakeyaml-1.27.jar:/home/appusharishgmai/.m2/repository/com/aventstack/klov-reporter/5.0.5/klov-reporter-5.0.5.jar:/home/appusharishgmai/.m2/repository/org/apache/httpcomponents/httpclient/4.5.2/httpclient-4.5.2.jar:/home/appusharishgmai/.m2/repository/org/apache/httpcomponents/httpcore/4.4.4/httpcore-4.4.4.jar:/home/appusharishgmai/.m2/repository/org/apache/httpcomponents/httpmime/4.5.2/httpmime-4.5.2.jar:/home/appusharishgmai/.m2/repository/com/vimalselvam/cucumber-extentsreport/3.1.1/cucumber-extentsreport-3.1.1.jar:"/>
    <property name="java.vm.vendor" value="Private Build"/>
    <property name="sun.arch.data.model" value="64"/>
    <property name="java.vendor.url" value="http://java.oracle.com/"/>
    <property name="user.timezone" value=""/>
    <property name="java.vm.specification.version" value="1.8"/>
    <property name="os.name" value="Linux"/>
    <property name="user.country" value="US"/>
    <property name="sun.java.launcher" value="SUN_STANDARD"/>
    <property name="sun.boot.library.path" value="/usr/lib/jvm/java-8-openjdk-amd64/jre/lib/amd64"/>
    <property name="sun.java.command" value="/home/appusharishgmai/eclipse-workspace/Swiggy/target/surefire/surefirebooter112408922387018926.jar /home/appusharishgmai/eclipse-workspace/Swiggy/target/surefire 2022-03-13T08-42-57_819-jvmRun1 surefire6040041540832899221tmp surefire_03749795053044083856tmp"/>
    <property name="surefire.test.class.path" value="/home/appusharishgmai/eclipse-workspace/Swiggy/target/test-classes:/home/appusharishgmai/eclipse-workspace/Swiggy/target/classes:/home/appusharishgmai/.m2/repository/com/github/ralfstuckert/pdfbox-layout/pdfbox2-layout/0.8.6/pdfbox2-layout-0.8.6.jar:/home/appusharishgmai/.m2/repository/org/apache/pdfbox/pdfbox/2.0.4/pdfbox-2.0.4.jar:/home/appusharishgmai/.m2/repository/org/apache/pdfbox/fontbox/2.0.4/fontbox-2.0.4.jar:/home/appusharishgmai/.m2/repository/commons-logging/commons-logging/1.2/commons-logging-1.2.jar:/home/appusharishgmai/.m2/repository/junit/junit/4.11/junit-4.11.jar:/home/appusharishgmai/.m2/repository/org/hamcrest/hamcrest-core/1.3/hamcrest-core-1.3.jar:/home/appusharishgmai/.m2/repository/org/apache/poi/poi/5.0.0/poi-5.0.0.jar:/home/appusharishgmai/.m2/repository/org/slf4j/slf4j-api/1.7.30/slf4j-api-1.7.30.jar:/home/appusharishgmai/.m2/repository/org/slf4j/jcl-over-slf4j/1.7.30/jcl-over-slf4j-1.7.30.jar:/home/appusharishgmai/.m2/repository/commons-codec/commons-codec/1.15/commons-codec-1.15.jar:/home/appusharishgmai/.m2/repository/org/apache/commons/commons-collections4/4.4/commons-collections4-4.4.jar:/home/appusharishgmai/.m2/repository/org/apache/commons/commons-math3/3.6.1/commons-math3-3.6.1.jar:/home/appusharishgmai/.m2/repository/com/zaxxer/SparseBitSet/1.2/SparseBitSet-1.2.jar:/home/appusharishgmai/.m2/repository/org/apache/poi/poi-ooxml/5.0.0/poi-ooxml-5.0.0.jar:/home/appusharishgmai/.m2/repository/org/apache/poi/poi-ooxml-lite/5.0.0/poi-ooxml-lite-5.0.0.jar:/home/appusharishgmai/.m2/repository/org/apache/xmlbeans/xmlbeans/4.0.0/xmlbeans-4.0.0.jar:/home/appusharishgmai/.m2/repository/xml-apis/xml-apis/1.4.01/xml-apis-1.4.01.jar:/home/appusharishgmai/.m2/repository/org/apache/commons/commons-compress/1.20/commons-compress-1.20.jar:/home/appusharishgmai/.m2/repository/com/github/virtuald/curvesapi/1.06/curvesapi-1.06.jar:/home/appusharishgmai/.m2/repository/org/bouncycastle/bcpkix-jdk15on/1.68/bcpkix-jdk15on-1.68.jar:/home/appusharishgmai/.m2/repository/org/bouncycastle/bcprov-jdk15on/1.68/bcprov-jdk15on-1.68.jar:/home/appusharishgmai/.m2/repository/org/apache/santuario/xmlsec/2.2.1/xmlsec-2.2.1.jar:/home/appusharishgmai/.m2/repository/com/fasterxml/woodstox/woodstox-core/5.2.1/woodstox-core-5.2.1.jar:/home/appusharishgmai/.m2/repository/org/codehaus/woodstox/stax2-api/4.2/stax2-api-4.2.jar:/home/appusharishgmai/.m2/repository/org/apache/xmlgraphics/batik-all/1.13/batik-all-1.13.jar:/home/appusharishgmai/.m2/repository/org/apache/xmlgraphics/batik-anim/1.13/batik-anim-1.13.jar:/home/appusharishgmai/.m2/repository/org/apache/xmlgraphics/batik-shared-resources/1.13/batik-shared-resources-1.13.jar:/home/appusharishgmai/.m2/repository/xml-apis/xml-apis-ext/1.3.04/xml-apis-ext-1.3.04.jar:/home/appusharishgmai/.m2/repository/org/apache/xmlgraphics/batik-awt-util/1.13/batik-awt-util-1.13.jar:/home/appusharishgmai/.m2/repository/org/apache/xmlgraphics/xmlgraphics-commons/2.4/xmlgraphics-commons-2.4.jar:/home/appusharishgmai/.m2/repository/org/apache/xmlgraphics/batik-bridge/1.13/batik-bridge-1.13.jar:/home/appusharishgmai/.m2/repository/org/apache/xmlgraphics/batik-codec/1.13/batik-codec-1.13.jar:/home/appusharishgmai/.m2/repository/org/apache/xmlgraphics/batik-constants/1.13/batik-constants-1.13.jar:/home/appusharishgmai/.m2/repository/org/apache/xmlgraphics/batik-css/1.13/batik-css-1.13.jar:/home/appusharishgmai/.m2/repository/org/apache/xmlgraphics/batik-dom/1.13/batik-dom-1.13.jar:/home/appusharishgmai/.m2/repository/xalan/xalan/2.7.2/xalan-2.7.2.jar:/home/appusharishgmai/.m2/repository/xalan/serializer/2.7.2/serializer-2.7.2.jar:/home/appusharishgmai/.m2/repository/org/apache/xmlgraphics/batik-ext/1.13/batik-ext-1.13.jar:/home/appusharishgmai/.m2/repository/org/apache/xmlgraphics/batik-extension/1.13/batik-extension-1.13.jar:/home/appusharishgmai/.m2/repository/org/apache/xmlgraphics/batik-gui-util/1.13/batik-gui-util-1.13.jar:/home/appusharishgmai/.m2/repository/org/apache/xmlgraphics/batik-gvt/1.13/batik-gvt-1.13.jar:/home/appusharishgmai/.m2/repository/org/apache/xmlgraphics/batik-i18n/1.13/batik-i18n-1.13.jar:/home/appusharishgmai/.m2/repository/org/apache/xmlgraphics/batik-parser/1.13/batik-parser-1.13.jar:/home/appusharishgmai/.m2/repository/org/apache/xmlgraphics/batik-rasterizer-ext/1.13/batik-rasterizer-ext-1.13.jar:/home/appusharishgmai/.m2/repository/org/apache/xmlgraphics/batik-rasterizer/1.13/batik-rasterizer-1.13.jar:/home/appusharishgmai/.m2/repository/org/apache/xmlgraphics/batik-script/1.13/batik-script-1.13.jar:/home/appusharishgmai/.m2/repository/org/apache/xmlgraphics/batik-slideshow/1.13/batik-slideshow-1.13.jar:/home/appusharishgmai/.m2/repository/org/apache/xmlgraphics/batik-squiggle-ext/1.13/batik-squiggle-ext-1.13.jar:/home/appusharishgmai/.m2/repository/org/apache/xmlgraphics/batik-squiggle/1.13/batik-squiggle-1.13.jar:/home/appusharishgmai/.m2/repository/org/apache/xmlgraphics/batik-svg-dom/1.13/batik-svg-dom-1.13.jar:/home/appusharishgmai/.m2/repository/org/apache/xmlgraphics/batik-svgbrowser/1.13/batik-svgbrowser-1.13.jar:/home/appusharishgmai/.m2/repository/org/apache/xmlgraphics/batik-svggen/1.13/batik-svggen-1.13.jar:/home/appusharishgmai/.m2/repository/org/apache/xmlgraphics/batik-svgpp/1.13/batik-svgpp-1.13.jar:/home/appusharishgmai/.m2/repository/org/apache/xmlgraphics/batik-svgrasterizer/1.13/batik-svgrasterizer-1.13.jar:/home/appusharishgmai/.m2/repository/org/apache/xmlgraphics/batik-swing/1.13/batik-swing-1.13.jar:/home/appusharishgmai/.m2/repository/org/apache/xmlgraphics/batik-transcoder/1.13/batik-transcoder-1.13.jar:/home/appusharishgmai/.m2/repository/org/apache/xmlgraphics/batik-util/1.13/batik-util-1.13.jar:/home/appusharishgmai/.m2/repository/org/apache/xmlgraphics/batik-ttf2svg/1.13/batik-ttf2svg-1.13.jar:/home/appusharishgmai/.m2/repository/org/apache/xmlgraphics/batik-xml/1.13/batik-xml-1.13.jar:/home/appusharishgmai/.m2/repository/de/rototor/pdfbox/graphics2d/0.30/graphics2d-0.30.jar:/home/appusharishgmai/.m2/repository/io/github/bonigarcia/webdrivermanager/4.2.2/webdrivermanager-4.2.2.jar:/home/appusharishgmai/.m2/repository/commons-io/commons-io/2.8.0/commons-io-2.8.0.jar:/home/appusharishgmai/.m2/repository/com/google/code/gson/gson/2.8.6/gson-2.8.6.jar:/home/appusharishgmai/.m2/repository/org/apache/commons/commons-lang3/3.11/commons-lang3-3.11.jar:/home/appusharishgmai/.m2/repository/org/apache/httpcomponents/client5/httpclient5/5.0.1/httpclient5-5.0.1.jar:/home/appusharishgmai/.m2/repository/org/apache/httpcomponents/core5/httpcore5/5.0.1/httpcore5-5.0.1.jar:/home/appusharishgmai/.m2/repository/org/apache/httpcomponents/core5/httpcore5-h2/5.0.1/httpcore5-h2-5.0.1.jar:/home/appusharishgmai/.m2/repository/org/rauschig/jarchivelib/1.1.0/jarchivelib-1.1.0.jar:/home/appusharishgmai/.m2/repository/org/jsoup/jsoup/1.13.1/jsoup-1.13.1.jar:/home/appusharishgmai/.m2/repository/org/seleniumhq/selenium/selenium-java/3.141.59/selenium-java-3.141.59.jar:/home/appusharishgmai/.m2/repository/org/seleniumhq/selenium/selenium-api/3.141.59/selenium-api-3.141.59.jar:/home/appusharishgmai/.m2/repository/org/seleniumhq/selenium/selenium-chrome-driver/3.141.59/selenium-chrome-driver-3.141.59.jar:/home/appusharishgmai/.m2/repository/org/seleniumhq/selenium/selenium-edge-driver/3.141.59/selenium-edge-driver-3.141.59.jar:/home/appusharishgmai/.m2/repository/org/seleniumhq/selenium/selenium-firefox-driver/3.141.59/selenium-firefox-driver-3.141.59.jar:/home/appusharishgmai/.m2/repository/org/seleniumhq/selenium/selenium-ie-driver/3.141.59/selenium-ie-driver-3.141.59.jar:/home/appusharishgmai/.m2/repository/org/seleniumhq/selenium/selenium-opera-driver/3.141.59/selenium-opera-driver-3.141.59.jar:/home/appusharishgmai/.m2/repository/org/seleniumhq/selenium/selenium-remote-driver/3.141.59/selenium-remote-driver-3.141.59.jar:/home/appusharishgmai/.m2/repository/org/seleniumhq/selenium/selenium-safari-driver/3.141.59/selenium-safari-driver-3.141.59.jar:/home/appusharishgmai/.m2/repository/org/seleniumhq/selenium/selenium-support/3.141.59/selenium-support-3.141.59.jar:/home/appusharishgmai/.m2/repository/net/bytebuddy/byte-buddy/1.8.15/byte-buddy-1.8.15.jar:/home/appusharishgmai/.m2/repository/org/apache/commons/commons-exec/1.3/commons-exec-1.3.jar:/home/appusharishgmai/.m2/repository/com/google/guava/guava/25.0-jre/guava-25.0-jre.jar:/home/appusharishgmai/.m2/repository/com/google/code/findbugs/jsr305/1.3.9/jsr305-1.3.9.jar:/home/appusharishgmai/.m2/repository/org/checkerframework/checker-compat-qual/2.0.0/checker-compat-qual-2.0.0.jar:/home/appusharishgmai/.m2/repository/com/google/errorprone/error_prone_annotations/2.1.3/error_prone_annotations-2.1.3.jar:/home/appusharishgmai/.m2/repository/com/google/j2objc/j2objc-annotations/1.1/j2objc-annotations-1.1.jar:/home/appusharishgmai/.m2/repository/org/codehaus/mojo/animal-sniffer-annotations/1.14/animal-sniffer-annotations-1.14.jar:/home/appusharishgmai/.m2/repository/com/squareup/okhttp3/okhttp/3.11.0/okhttp-3.11.0.jar:/home/appusharishgmai/.m2/repository/com/squareup/okio/okio/1.14.0/okio-1.14.0.jar:/home/appusharishgmai/.m2/repository/org/testng/testng/7.4.0/testng-7.4.0.jar:/home/appusharishgmai/.m2/repository/com/beust/jcommander/1.78/jcommander-1.78.jar:/home/appusharishgmai/.m2/repository/org/webjars/jquery/3.5.1/jquery-3.5.1.jar:/home/appusharishgmai/.m2/repository/com/aventstack/extentreports/5.0.8/extentreports-5.0.8.jar:/home/appusharishgmai/.m2/repository/io/reactivex/rxjava3/rxjava/3.0.4/rxjava-3.0.4.jar:/home/appusharishgmai/.m2/repository/org/reactivestreams/reactive-streams/1.0.3/reactive-streams-1.0.3.jar:/home/appusharishgmai/.m2/repository/org/freemarker/freemarker/2.3.30/freemarker-2.3.30.jar:/home/appusharishgmai/.m2/repository/org/projectlombok/lombok/1.18.12/lombok-1.18.12.jar:/home/appusharishgmai/.m2/repository/io/cucumber/cucumber-java/6.11.0/cucumber-java-6.11.0.jar:/home/appusharishgmai/.m2/repository/io/cucumber/cucumber-core/6.11.0/cucumber-core-6.11.0.jar:/home/appusharishgmai/.m2/repository/io/cucumber/cucumber-gherkin/6.11.0/cucumber-gherkin-6.11.0.jar:/home/appusharishgmai/.m2/repository/io/cucumber/cucumber-gherkin-messages/6.11.0/cucumber-gherkin-messages-6.11.0.jar:/home/appusharishgmai/.m2/repository/io/cucumber/messages/15.0.0/messages-15.0.0.jar:/home/appusharishgmai/.m2/repository/io/cucumber/tag-expressions/3.0.1/tag-expressions-3.0.1.jar:/home/appusharishgmai/.m2/repository/io/cucumber/cucumber-expressions/10.3.0/cucumber-expressions-10.3.0.jar:/home/appusharishgmai/.m2/repository/io/cucumber/datatable/3.5.0/datatable-3.5.0.jar:/home/appusharishgmai/.m2/repository/io/cucumber/cucumber-plugin/6.11.0/cucumber-plugin-6.11.0.jar:/home/appusharishgmai/.m2/repository/io/cucumber/docstring/6.11.0/docstring-6.11.0.jar:/home/appusharishgmai/.m2/repository/io/cucumber/html-formatter/13.0.0/html-formatter-13.0.0.jar:/home/appusharishgmai/.m2/repository/io/cucumber/create-meta/4.0.0/create-meta-4.0.0.jar:/home/appusharishgmai/.m2/repository/org/apiguardian/apiguardian-api/1.1.2/apiguardian-api-1.1.2.jar:/home/appusharishgmai/.m2/repository/io/cucumber/cucumber-testng/6.11.0/cucumber-testng-6.11.0.jar:/home/appusharishgmai/.m2/repository/org/apache/logging/log4j/log4j-api/2.14.1/log4j-api-2.14.1.jar:/home/appusharishgmai/.m2/repository/org/apache/logging/log4j/log4j-core/2.14.1/log4j-core-2.14.1.jar:/home/appusharishgmai/.m2/repository/com/relevantcodes/extentreports/2.41.2/extentreports-2.41.2.jar:/home/appusharishgmai/.m2/repository/org/xerial/sqlite-jdbc/3.8.11.1/sqlite-jdbc-3.8.11.1.jar:/home/appusharishgmai/.m2/repository/org/mongodb/mongodb-driver/3.0.4/mongodb-driver-3.0.4.jar:/home/appusharishgmai/.m2/repository/org/mongodb/bson/3.0.4/bson-3.0.4.jar:/home/appusharishgmai/.m2/repository/org/mongodb/mongodb-driver-core/3.0.4/mongodb-driver-core-3.0.4.jar:/home/appusharishgmai/.m2/repository/tech/grasshopper/extentreports-cucumber6-adapter/2.6.0/extentreports-cucumber6-adapter-2.6.0.jar:/home/appusharishgmai/.m2/repository/tech/grasshopper/extent-pdf-report/1.5.0/extent-pdf-report-1.5.0.jar:/home/appusharishgmai/.m2/repository/tech/grasshopper/cucumber-pdf-report/1.7.0/cucumber-pdf-report-1.7.0.jar:/home/appusharishgmai/.m2/repository/org/knowm/xchart/xchart/3.6.5/xchart-3.6.5.jar:/home/appusharishgmai/.m2/repository/de/erichseifert/vectorgraphics2d/VectorGraphics2D/0.13/VectorGraphics2D-0.13.jar:/home/appusharishgmai/.m2/repository/com/madgag/animated-gif-lib/1.4/animated-gif-lib-1.4.jar:/home/appusharishgmai/.m2/repository/com/github/vandeseer/easytable/0.7.1/easytable-0.7.1.jar:/home/appusharishgmai/.m2/repository/org/yaml/snakeyaml/1.27/snakeyaml-1.27.jar:/home/appusharishgmai/.m2/repository/com/aventstack/klov-reporter/5.0.5/klov-reporter-5.0.5.jar:/home/appusharishgmai/.m2/repository/org/apache/httpcomponents/httpclient/4.5.2/httpclient-4.5.2.jar:/home/appusharishgmai/.m2/repository/org/apache/httpcomponents/httpcore/4.4.4/httpcore-4.4.4.jar:/home/appusharishgmai/.m2/repository/org/apache/httpcomponents/httpmime/4.5.2/httpmime-4.5.2.jar:/home/appusharishgmai/.m2/repository/com/vimalselvam/cucumber-extentsreport/3.1.1/cucumber-extentsreport-3.1.1.jar:"/>
    <property name="sun.cpu.endian" value="little"/>
    <property name="user.home" value="/home/appusharishgmai"/>
    <property name="user.language" value="en"/>
    <property name="java.specification.vendor" value="Oracle Corporation"/>
    <property name="java.home" value="/usr/lib/jvm/java-8-openjdk-amd64/jre"/>
    <property name="basedir" value="/home/appusharishgmai/eclipse-workspace/Swiggy"/>
    <property name="file.separator" value="/"/>
    <property name="line.separator" value="&#10;"/>
    <property name="java.vm.specification.vendor" value="Oracle Corporation"/>
    <property name="java.specification.name" value="Java Platform API Specification"/>
    <property name="java.awt.graphicsenv" value="sun.awt.X11GraphicsEnvironment"/>
    <property name="surefire.real.class.path" value="/home/appusharishgmai/eclipse-workspace/Swiggy/target/surefire/surefirebooter112408922387018926.jar"/>
    <property name="sun.boot.class.path" value="/usr/lib/jvm/java-8-openjdk-amd64/jre/lib/resources.jar:/usr/lib/jvm/java-8-openjdk-amd64/jre/lib/rt.jar:/usr/lib/jvm/java-8-openjdk-amd64/jre/lib/sunrsasign.jar:/usr/lib/jvm/java-8-openjdk-amd64/jre/lib/jsse.jar:/usr/lib/jvm/java-8-openjdk-amd64/jre/lib/jce.jar:/usr/lib/jvm/java-8-openjdk-amd64/jre/lib/charsets.jar:/usr/lib/jvm/java-8-openjdk-amd64/jre/lib/jfr.jar:/usr/lib/jvm/java-8-openjdk-amd64/jre/classes"/>
    <property name="sun.management.compiler" value="HotSpot 64-Bit Tiered Compilers"/>
    <property name="java.runtime.version" value="1.8.0_265-8u265-b01-0ubuntu2~16.04-b01"/>
    <property name="user.name" value="appusharishgmai"/>
    <property name="path.separator" value=":"/>
    <property name="os.version" value="4.4.0-1113-aws"/>
    <property name="java.endorsed.dirs" value="/usr/lib/jvm/java-8-openjdk-amd64/jre/lib/endorsed"/>
    <property name="java.runtime.name" value="OpenJDK Runtime Environment"/>
    <property name="file.encoding" value="UTF-8"/>
    <property name="java.vm.name" value="OpenJDK 64-Bit Server VM"/>
    <property name="localRepository" value="/home/appusharishgmai/.m2/repository"/>
    <property name="java.vendor.url.bug" value="http://bugreport.sun.com/bugreport/"/>
    <property name="java.io.tmpdir" value="/tmp"/>
    <property name="java.version" value="1.8.0_265"/>
    <property name="user.dir" value="/home/appusharishgmai/eclipse-workspace/Swiggy"/>
    <property name="os.arch" value="amd64"/>
    <property name="java.vm.specification.name" value="Java Virtual Machine Specification"/>
    <property name="java.awt.printerjob" value="sun.print.PSPrinterJob"/>
    <property name="sun.os.patch.level" value="unknown"/>
    <property name="java.library.path" value="/usr/java/packages/lib/amd64:/usr/lib/x86_64-linux-gnu/jni:/lib/x86_64-linux-gnu:/usr/lib/x86_64-linux-gnu:/usr/lib/jni:/lib:/usr/lib"/>
    <property name="java.vm.info" value="mixed mode"/>
    <property name="java.vendor" value="Private Build"/>
    <property name="java.vm.version" value="25.265-b01"/>
    <property name="java.ext.dirs" value="/usr/lib/jvm/java-8-openjdk-amd64/jre/lib/ext:/usr/java/packages/lib/ext"/>
    <property name="sun.io.unicode.encoding" value="UnicodeLittle"/>
    <property name="java.class.version" value="52.0"/>
  </properties>
  <testcase name="runScenario" classname="com.swiggy.runnerfiles.TestRunner" time="3.679"/>
  <testcase name="runScenario" classname="com.swiggy.runnerfiles.TestRunner" time="3.418"/>
  <testcase name="runScenario" classname="com.swiggy.runnerfiles.TestRunner" time="3.176"/>
  <testcase name="runScenario" classname="com.swiggy.runnerfiles.TestRunner" time="8.388"/>
  <testcase name="runScenario" classname="com.swiggy.runnerfiles.TestRunner" time="11.299"/>
  <testcase name="runScenario" classname="com.swiggy.runnerfiles.TestRunner" time="14.357"/>
</testsuite>