<?xml version="1.0" encoding="UTF-8"?>
<!-- Generated by org.testng.reporters.JUnitReportReporter -->
<testsuite skipped="0" hostname="ip-172-31-28-75" name="com.swiggy.runnerfiles.TestRunner" tests="6" failures="0" timestamp="2022-03-13T08:43:44 UTC" time="44.315" errors="0">
  <testcase name="runScenario" time="11.300" classname="com.swiggy.runnerfiles.TestRunner"/>
  <system-out/>
  <testcase name="runScenario" time="3.675" classname="com.swiggy.runnerfiles.TestRunner"/>
  <system-out/>
  <testcase name="runScenario" time="14.357" classname="com.swiggy.runnerfiles.TestRunner"/>
  <system-out/>
  <testcase name="runScenario" time="3.419" classname="com.swiggy.runnerfiles.TestRunner"/>
  <system-out/>
  <testcase name="runScenario" time="3.177" classname="com.swiggy.runnerfiles.TestRunner"/>
  <system-out/>
  <testcase name="runScenario" time="8.387" classname="com.swiggy.runnerfiles.TestRunner"/>
  <system-out/>
</testsuite> <!-- com.swiggy.runnerfiles.TestRunner -->
